\BOOKMARK [0][-]{chapter.1}{\376\377\000W\000p\000r\000o\000w\000a\000d\000z\000e\000n\000i\000e\000\040\000d\000o\000\040\000p\000r\000o\000b\000l\000e\000m\000a\000t\000y\000k\000i\000\040\000d\000o\000b\000o\000r\000u\000\040\000t\000e\000c\000h\000n\000o\000l\000o\000g\000i\000i}{}% 1
\BOOKMARK [1][-]{section.1.1}{\376\377\000Z\000n\000a\000c\000z\000e\000n\000i\000e\000\040\000d\000o\000b\000o\000r\000u\000\040\000t\000e\000c\000h\000n\000o\000l\000o\000g\000i\000i\000\040\000w\000\040\000a\000p\000l\000i\000k\000a\000c\000j\000a\000c\000h\000\040\000w\000e\000b\000o\000w\000y\000c\000h}{chapter.1}% 2
\BOOKMARK [1][-]{section.1.2}{\376\377\000C\000h\000a\000r\000a\000k\000t\000e\000r\000y\000s\000t\000y\000k\000a\000\040\000w\000s\000p\000\363\001\102\000c\000z\000e\000s\000n\000y\000c\000h\000\040\000s\000y\000s\000t\000e\000m\000\363\000w\000\040\000r\000o\000z\000p\000r\000o\000s\000z\000o\000n\000y\000c\000h}{chapter.1}% 3
\BOOKMARK [1][-]{section.1.3}{\376\377\000P\000r\000o\000t\000o\000k\000o\001\102\000y\000\040\000k\000o\000m\000u\000n\000i\000k\000a\000c\000y\000j\000n\000e\000\040\000j\000a\000k\000o\000\040\000f\000u\000n\000d\000a\000m\000e\000n\000t\000\040\000w\000y\000m\000i\000a\000n\000y\000\040\000d\000a\000n\000y\000c\000h}{chapter.1}% 4
\BOOKMARK [1][-]{section.1.4}{\376\377\000U\000z\000a\000s\000a\000d\000n\000i\000e\000n\000i\000e\000\040\000p\000o\000d\000j\001\031\000c\000i\000a\000\040\000b\000a\000d\000a\001\104}{chapter.1}% 5
\BOOKMARK [1][-]{section.1.5}{\376\377\000S\001\102\000o\000w\000n\000i\000k\000\040\000p\000o\000j\001\031\001\007\000\040\000i\000\040\000s\000k\000r\000\363\000t\000\363\000w}{chapter.1}% 6
\BOOKMARK [0][-]{chapter.2}{\376\377\000T\000e\000c\000h\000n\000o\000l\000o\000g\000i\000e\000\040\000w\000y\000k\000o\000r\000z\000y\000s\000t\000a\000n\000e\000\040\000w\000\040\000p\000r\000o\000j\000e\000k\000c\000i\000e}{}% 7
\BOOKMARK [1][-]{section.2.1}{\376\377\000R\000u\000s\000t}{chapter.2}% 8
\BOOKMARK [1][-]{section.2.2}{\376\377\000J\000a\000v\000a\000S\000c\000r\000i\000p\000t}{chapter.2}% 9
\BOOKMARK [1][-]{section.2.3}{\376\377\000F\000r\000a\000m\000e\000w\000o\000r\000k\000\040\000A\000c\000t\000i\000x\000-\000w\000e\000b}{chapter.2}% 10
\BOOKMARK [1][-]{section.2.4}{\376\377\000F\000r\000a\000m\000e\000w\000o\000r\000k\000\040\000T\000o\000n\000i\000c}{chapter.2}% 11
\BOOKMARK [1][-]{section.2.5}{\376\377\000t\000u\000n\000g\000s\000t\000e\000n\000i\000t\000e\000-\000r\000s}{chapter.2}% 12
\BOOKMARK [1][-]{section.2.6}{\376\377\000h\0002\000l\000o\000a\000d}{chapter.2}% 13
\BOOKMARK [1][-]{section.2.7}{\376\377\000P\000y\000t\000h\000o\000n}{chapter.2}% 14
\BOOKMARK [1][-]{section.2.8}{\376\377\000G\000r\000a\000p\000h\000Q\000L}{chapter.2}% 15
\BOOKMARK [1][-]{section.2.9}{\376\377\000g\000R\000P\000C}{chapter.2}% 16
\BOOKMARK [1][-]{section.2.10}{\376\377\000W\000e\000b\000A\000s\000s\000e\000m\000b\000l\000y}{chapter.2}% 17
\BOOKMARK [0][-]{chapter.3}{\376\377\000U\001\174\000y\000t\000e\000\040\000n\000a\000r\000z\001\031\000d\000z\000i\000a\000\040\000p\000r\000o\000g\000r\000a\000m\000i\000s\000t\000y\000c\000z\000n\000e}{}% 18
\BOOKMARK [1][-]{section.3.1}{\376\377\000G\000i\000t}{chapter.3}% 19
\BOOKMARK [1][-]{section.3.2}{\376\377\000Z\000e\000d}{chapter.3}% 20
\BOOKMARK [1][-]{section.3.3}{\376\377\000V\000i\000s\000u\000a\000l\000\040\000S\000t\000u\000d\000i\000o\000\040\000C\000o\000d\000e}{chapter.3}% 21
\BOOKMARK [1][-]{section.3.4}{\376\377\000N\000P\000M}{chapter.3}% 22
\BOOKMARK [1][-]{section.3.5}{\376\377\000C\000a\000r\000g\000o}{chapter.3}% 23
\BOOKMARK [0][-]{chapter.4}{\376\377\000B\000u\000d\000o\000w\000a\000\040\001\133\000r\000o\000d\000o\000w\000i\000s\000k\000a\000\040\000t\000e\000s\000t\000o\000w\000e\000g\000o}{}% 24
\BOOKMARK [1][-]{section.4.1}{\376\377\000S\000t\000r\000u\000k\000t\000u\000r\000a\000\040\000p\000l\000i\000k\000\363\000w\000\040\000a\000p\000l\000i\000k\000a\000c\000j\000i}{chapter.4}% 25
\BOOKMARK [2][-]{subsection.4.1.1}{\376\377\000K\000a\000t\000a\000l\000o\000g\000\040\000c\000o\000m\000m\000u\000n\000i\000c\000a\000t\000i\000o\000n\000-\000m\000e\000c\000h\000a\000n\000i\000s\000m\000s}{section.4.1}% 26
\BOOKMARK [2][-]{subsection.4.1.2}{\376\377\000K\000a\000t\000a\000l\000o\000g\000\040\000d\000a\000t\000a\000-\000s\000e\000r\000i\000a\000l\000i\000z\000a\000t\000i\000o\000n\000-\000f\000o\000r\000m\000a\000t\000s}{section.4.1}% 27
\BOOKMARK [2][-]{subsection.4.1.3}{\376\377\000K\000a\000t\000a\000l\000o\000g\000\040\000g\000r\000a\000p\000h\000s}{section.4.1}% 28
\BOOKMARK [2][-]{subsection.4.1.4}{\376\377\000K\000a\000t\000a\000l\000o\000g\000\040\000t\000a\000r\000g\000e\000t}{section.4.1}% 29
\BOOKMARK [2][-]{subsection.4.1.5}{\376\377\000K\000a\000t\000a\000l\000o\000g\000\040\000w\000a\000s\000m}{section.4.1}% 30
\BOOKMARK [2][-]{subsection.4.1.6}{\376\377\000K\000a\000t\000a\000l\000o\000g\000\040\000w\000a\000s\000m\000-\000s\000h\000o\000w\000c\000a\000s\000e}{section.4.1}% 31
\BOOKMARK [2][-]{subsection.4.1.7}{\376\377\000P\000l\000i\000k\000\040\000.\000g\000i\000t\000i\000g\000n\000o\000r\000e}{section.4.1}% 32
\BOOKMARK [1][-]{section.4.2}{\376\377\000T\000e\000s\000t\000y\000\040\000w\000y\000d\000a\000j\000n\000o\001\133\000c\000i\000o\000w\000e}{chapter.4}% 33
\BOOKMARK [2][-]{subsection.4.2.1}{\376\377\000A\000p\000l\000i\000k\000a\000c\000j\000e\000\040\000z\000a\000w\000a\000r\000t\000e\000\040\000w\000\040\000k\000a\000t\000a\000l\000o\000g\000u\000\040\000c\000o\000m\000m\000u\000n\000i\000c\000a\000t\000i\000o\000n\000-\000m\000e\000c\000h\000a\000n\000i\000s\000m\000s}{section.4.2}% 34
\BOOKMARK [2][-]{subsection.4.2.2}{\376\377\000A\000p\000l\000i\000k\000a\000c\000j\000e\000\040\000z\000a\000w\000a\000r\000t\000e\000\040\000w\000\040\000k\000a\000t\000a\000l\000o\000g\000u\000\040\000d\000a\000t\000a\000-\000s\000e\000r\000i\000a\000l\000i\000z\000a\000t\000i\000o\000n\000-\000f\000o\000r\000m\000a\000t\000s}{section.4.2}% 35
